2566-02-08 00:18:02,139 [INFO] Activator:179 - 


2566-02-08 00:18:02,140 [INFO] Activator:180 - !SESSION log4j initialized
2566-02-08 00:18:25,745 [ERROR] LogOutputStream:74 - [STDERR_REDIRECT] SLF4J: Failed to load class "org.slf4j.impl.StaticLoggerBinder".
2566-02-08 00:18:25,745 [ERROR] LogOutputStream:74 - [STDERR_REDIRECT] SLF4J: Defaulting to no-operation (NOP) logger implementation
2566-02-08 00:18:25,748 [ERROR] LogOutputStream:74 - [STDERR_REDIRECT] SLF4J: See http://www.slf4j.org/codes.html#StaticLoggerBinder for further details.
2566-02-08 00:20:41,580 [INFO] Activator:179 - 


2566-02-08 00:20:41,582 [INFO] Activator:180 - !SESSION log4j initialized
2566-02-08 00:21:07,463 [ERROR] LogOutputStream:74 - [STDERR_REDIRECT] SLF4J: Failed to load class "org.slf4j.impl.StaticLoggerBinder".
2566-02-08 00:21:07,464 [ERROR] LogOutputStream:74 - [STDERR_REDIRECT] SLF4J: Defaulting to no-operation (NOP) logger implementation
2566-02-08 00:21:07,466 [ERROR] LogOutputStream:74 - [STDERR_REDIRECT] SLF4J: See http://www.slf4j.org/codes.html#StaticLoggerBinder for further details.
2566-02-08 00:24:37,126 [INFO] Activator:179 - 


2566-02-08 00:24:37,127 [INFO] Activator:180 - !SESSION log4j initialized
2566-02-08 00:25:02,984 [ERROR] LogOutputStream:74 - [STDERR_REDIRECT] SLF4J: Failed to load class "org.slf4j.impl.StaticLoggerBinder".
2566-02-08 00:25:02,984 [ERROR] LogOutputStream:74 - [STDERR_REDIRECT] SLF4J: Defaulting to no-operation (NOP) logger implementation
2566-02-08 00:25:02,986 [ERROR] LogOutputStream:74 - [STDERR_REDIRECT] SLF4J: See http://www.slf4j.org/codes.html#StaticLoggerBinder for further details.
2566-02-08 00:25:19,845 [INFO] McuFinderGlobals:52 - Set McuFinder mode to 2 (CubeIDE integrated)
2566-02-08 00:25:20,117 [INFO] ApplicationProperties:181 - Using Application install path: C:\ST\STM32CubeIDE_1.11.0\STM32CubeIDE\plugins\com.st.stm32cube.common.mx_6.7.0.202211181646
2566-02-08 00:25:20,136 [INFO] DbMcusXml:77 - Set database path to: C:\ST\STM32CubeIDE_1.11.0\STM32CubeIDE\plugins\com.st.stm32cube.common.mx_6.7.0.202211181646\\db\/mcu/
2566-02-08 00:25:20,136 [INFO] ApiDb:273 - Set plugin database path to: C:\ST\STM32CubeIDE_1.11.0\STM32CubeIDE\plugins\com.st.stm32cube.common.mx_6.7.0.202211181646\\db\/plugins/boardmanager/
2566-02-08 00:25:20,138 [WARN] ApiDb:258 - Overriding images path with different value:  => C:\ST\STM32CubeIDE_1.11.0\STM32CubeIDE\plugins\com.st.stm32cube.common.mx_6.7.0.202211181646\\db\/plugins/mcufinder/images/
2566-02-08 00:25:20,157 [INFO] ApiDb:249 - Set database path to: C:\Users\acer\.stmcufinder\plugins\mcufinder//mcu/
2566-02-08 00:25:20,159 [INFO] DbMcusAds:124 - Set database path to: C:\Users\acer\.stmcufinder\plugins\mcufinder//mcu/
2566-02-08 00:25:20,172 [INFO] CrossReferenceDbSqlite:202 - Set database path to: C:\Users\acer\.stmcufinder\plugins\mcufinder//mcu/cs/
2566-02-08 00:25:20,300 [INFO] RulesReader:61 - Compatibility file has been processed (283 Rules)
2566-02-08 00:25:20,399 [INFO] DbMcusXml:77 - Set database path to: C:\ST\STM32CubeIDE_1.11.0\STM32CubeIDE\plugins\com.st.stm32cube.common.mx_6.7.0.202211181646\\db\/mcu/
2566-02-08 00:25:20,399 [INFO] ApiDb:273 - Set plugin database path to: C:\ST\STM32CubeIDE_1.11.0\STM32CubeIDE\plugins\com.st.stm32cube.common.mx_6.7.0.202211181646\\db\/plugins/boardmanager/
2566-02-08 00:25:20,400 [INFO] ApiDb:260 - Set plugin images path to: C:\ST\STM32CubeIDE_1.11.0\STM32CubeIDE\plugins\com.st.stm32cube.common.mx_6.7.0.202211181646\\db\/plugins/mcufinder/images/
2566-02-08 00:25:20,400 [WARN] DbFile:40 - Overriding database path with different value: C:\Users\acer\.stmcufinder\plugins\mcufinder/ => C:\Users\acer\.stmcufinder\plugins\mcufinder
2566-02-08 00:25:20,400 [INFO] ApiDb:249 - Set database path to: C:\Users\acer\.stmcufinder\plugins\mcufinder//mcu/
2566-02-08 00:25:20,400 [WARN] DbFile:40 - Overriding database path with different value: C:\Users\acer\.stmcufinder\plugins\mcufinder/ => C:\Users\acer\.stmcufinder\plugins\mcufinder
2566-02-08 00:25:20,401 [INFO] DbMcusAds:124 - Set database path to: C:\Users\acer\.stmcufinder\plugins\mcufinder//mcu/
2566-02-08 00:25:20,402 [WARN] DbFile:40 - Overriding database path with different value: C:\Users\acer\.stmcufinder\plugins\mcufinder/ => C:\Users\acer\.stmcufinder\plugins\mcufinder
2566-02-08 00:25:20,402 [WARN] DbFile:40 - Overriding database path with different value: C:\Users\acer\.stmcufinder\plugins\mcufinder/ => C:\Users\acer\.stmcufinder\plugins\mcufinder
2566-02-08 00:25:20,402 [INFO] CrossReferenceDbSqlite:202 - Set database path to: C:\Users\acer\.stmcufinder\plugins\mcufinder//mcu/cs/
2566-02-08 00:25:20,498 [INFO] MainPanel:252 - HeapMemory: 268435456
2566-02-08 00:25:20,596 [INFO] DbMcusXml:77 - Set database path to: C:\ST\STM32CubeIDE_1.11.0\STM32CubeIDE\plugins\com.st.stm32cube.common.mx_6.7.0.202211181646\\db\/mcu/
2566-02-08 00:25:20,597 [INFO] ApiDb:273 - Set plugin database path to: C:\ST\STM32CubeIDE_1.11.0\STM32CubeIDE\plugins\com.st.stm32cube.common.mx_6.7.0.202211181646\\db\/plugins/boardmanager/
2566-02-08 00:25:20,597 [INFO] ApiDb:260 - Set plugin images path to: C:\ST\STM32CubeIDE_1.11.0\STM32CubeIDE\plugins\com.st.stm32cube.common.mx_6.7.0.202211181646\\db\/plugins/mcufinder/images/
2566-02-08 00:25:20,598 [WARN] DbFile:40 - Overriding database path with different value: C:\Users\acer\.stmcufinder\plugins\mcufinder/ => C:\Users\acer\.stmcufinder\plugins\mcufinder
2566-02-08 00:25:20,598 [INFO] ApiDb:249 - Set database path to: C:\Users\acer\.stmcufinder\plugins\mcufinder//mcu/
2566-02-08 00:25:20,598 [WARN] DbFile:40 - Overriding database path with different value: C:\Users\acer\.stmcufinder\plugins\mcufinder/ => C:\Users\acer\.stmcufinder\plugins\mcufinder
2566-02-08 00:25:20,598 [INFO] DbMcusAds:124 - Set database path to: C:\Users\acer\.stmcufinder\plugins\mcufinder//mcu/
2566-02-08 00:25:20,598 [WARN] DbFile:40 - Overriding database path with different value: C:\Users\acer\.stmcufinder\plugins\mcufinder/ => C:\Users\acer\.stmcufinder\plugins\mcufinder
2566-02-08 00:25:20,598 [WARN] DbFile:40 - Overriding database path with different value: C:\Users\acer\.stmcufinder\plugins\mcufinder/ => C:\Users\acer\.stmcufinder\plugins\mcufinder
2566-02-08 00:25:20,598 [INFO] CrossReferenceDbSqlite:202 - Set database path to: C:\Users\acer\.stmcufinder\plugins\mcufinder//mcu/cs/
2566-02-08 00:25:20,621 [INFO] ApplicationProperties:181 - Using Application install path: C:\ST\STM32CubeIDE_1.11.0\STM32CubeIDE\plugins\com.st.stm32cube.common.mx_6.7.0.202211181646
2566-02-08 00:25:20,623 [INFO] PluginManage:193 - Search for loadable plugins [exclusion list=, ]
2566-02-08 00:25:20,624 [INFO] PluginManage:307 - Check plugin analytics
2566-02-08 00:25:20,791 [INFO] AnalyticsPlugin:262 - Accepted Software Licenses: 
2566-02-08 00:25:20,792 [INFO] AnalyticsPlugin:264 - Accepted CMSIS Pack Licenses: 
2566-02-08 00:25:20,793 [INFO] AnalyticsPlugin:266 - Accepted Firmware Licenses: FW.F4.1.27.0
2566-02-08 00:25:20,802 [INFO] PluginManage:356 - Loaded plugin analytics (category:tool,tabindex:-1)
2566-02-08 00:25:20,802 [INFO] PluginManage:307 - Check plugin cadmodel
2566-02-08 00:25:20,822 [INFO] CADModel:104 - Init CAD model plugin
2566-02-08 00:25:20,823 [INFO] PluginManage:356 - Loaded plugin cadmodel (category:power,tabindex:5)
2566-02-08 00:25:20,823 [INFO] PluginManage:307 - Check plugin clock
2566-02-08 00:25:20,846 [INFO] PluginManage:356 - Loaded plugin clock (category:base,tabindex:2)
2566-02-08 00:25:20,846 [INFO] PluginManage:307 - Check plugin ddr
2566-02-08 00:25:20,849 [INFO] PluginManage:356 - Loaded plugin ddr (category:tool,tabindex:6)
2566-02-08 00:25:20,850 [INFO] PluginManage:307 - Check plugin filemanager
2566-02-08 00:25:21,010 [INFO] PluginManage:356 - Loaded plugin filemanager (category:base,tabindex:10)
2566-02-08 00:25:21,010 [INFO] PluginManage:307 - Check plugin ipmanager
2566-02-08 00:25:21,020 [INFO] PluginManage:356 - Loaded plugin ipmanager (category:base,tabindex:5)
2566-02-08 00:25:21,021 [INFO] PluginManage:307 - Check plugin lpbam
2566-02-08 00:25:21,043 [INFO] PluginManage:356 - Loaded plugin lpbam (category:base,tabindex:0)
2566-02-08 00:25:21,043 [INFO] PluginManage:307 - Check plugin pinoutandconfiguration
2566-02-08 00:25:21,059 [INFO] PluginManage:356 - Loaded plugin pinoutandconfiguration (category:base,tabindex:1)
2566-02-08 00:25:21,059 [INFO] PluginManage:307 - Check plugin pinoutconfig
2566-02-08 00:25:21,104 [INFO] PluginManage:356 - Loaded plugin pinoutconfig (category:base,tabindex:0)
2566-02-08 00:25:21,104 [INFO] PluginManage:307 - Check plugin power
2566-02-08 00:25:21,125 [INFO] PluginManage:356 - Loaded plugin power (category:power,tabindex:4)
2566-02-08 00:25:21,125 [INFO] PluginManage:307 - Check plugin projectmanager
2566-02-08 00:25:21,141 [INFO] PluginManage:356 - Loaded plugin projectmanager (category:projectmanager,tabindex:3)
2566-02-08 00:25:21,142 [INFO] PluginManage:307 - Check plugin thirdparty
2566-02-08 00:25:21,370 [WARN] IntegrityCheckThread:82 - waiting for thirdparty lock release [integrity check]
2566-02-08 00:25:21,370 [INFO] PluginManage:356 - Loaded plugin thirdparty (category:base,tabindex:-1)
2566-02-08 00:25:21,370 [INFO] IntegrityCheckThread:84 - entering critical section [integrity check]
2566-02-08 00:25:21,370 [INFO] PluginManage:307 - Check plugin tools
2566-02-08 00:25:21,372 [INFO] ThirdPartyUpdaterWithRetryManager:70 - Updater plugin not ready yet. [1/15]
2566-02-08 00:25:21,394 [INFO] PluginManage:356 - Loaded plugin tools (category:base,tabindex:7)
2566-02-08 00:25:21,394 [INFO] PluginManage:307 - Check plugin tutovideos
2566-02-08 00:25:21,585 [INFO] PluginManage:356 - Loaded plugin tutovideos (category:base,tabindex:-1)
2566-02-08 00:25:21,585 [INFO] PluginManage:307 - Check plugin updater
2566-02-08 00:25:21,601 [INFO] PluginManage:356 - Loaded plugin updater (category:base,tabindex:12)
2566-02-08 00:25:21,602 [INFO] PluginManage:280 - PluginManage : Loaded plugins [15]
2566-02-08 00:25:21,907 [INFO] PinOutPanel:1477 - setPackage(No Configuration,No Configuration)
2566-02-08 00:25:21,983 [INFO] CADModel:164 - CPN selected for project level
2566-02-08 00:25:21,984 [INFO] CADModel:113 - Register for checkConnection events
2566-02-08 00:25:22,010 [INFO] IPUIPlugin:79 - create IPUIPlugin
2566-02-08 00:25:22,011 [INFO] PluginManager:219 - loadIPPluginJar : add adc
2566-02-08 00:25:22,041 [INFO] IPUIPlugin:79 - create IPUIPlugin
2566-02-08 00:25:22,041 [INFO] PluginManager:219 - loadIPPluginJar : add aes
2566-02-08 00:25:22,076 [INFO] IPUIPlugin:79 - create IPUIPlugin
2566-02-08 00:25:22,076 [INFO] PluginManager:219 - loadIPPluginJar : add can
2566-02-08 00:25:22,095 [INFO] IPUIPlugin:79 - create IPUIPlugin
2566-02-08 00:25:22,096 [INFO] PluginManager:219 - loadIPPluginJar : add comp
2566-02-08 00:25:22,119 [INFO] IPUIPlugin:79 - create IPUIPlugin
2566-02-08 00:25:22,119 [INFO] PluginManager:219 - loadIPPluginJar : add cryp
2566-02-08 00:25:22,139 [INFO] IPUIPlugin:79 - create IPUIPlugin
2566-02-08 00:25:22,139 [INFO] PluginManager:219 - loadIPPluginJar : add dfsdm
2566-02-08 00:25:22,151 [INFO] IPUIPlugin:79 - create IPUIPlugin
2566-02-08 00:25:22,152 [INFO] PluginManager:219 - loadIPPluginJar : add dma
2566-02-08 00:25:22,185 [INFO] IPUIPlugin:79 - create IPUIPlugin
2566-02-08 00:25:22,185 [INFO] PluginManager:219 - loadIPPluginJar : add dma3
2566-02-08 00:25:22,200 [INFO] IPUIPlugin:79 - create IPUIPlugin
2566-02-08 00:25:22,200 [INFO] PluginManager:219 - loadIPPluginJar : add fatfs
2566-02-08 00:25:22,236 [INFO] IPUIPlugin:79 - create IPUIPlugin
2566-02-08 00:25:22,236 [INFO] PluginManager:219 - loadIPPluginJar : add fmc
2566-02-08 00:25:22,248 [INFO] IPUIPlugin:79 - create IPUIPlugin
2566-02-08 00:25:22,248 [INFO] PluginManager:219 - loadIPPluginJar : add freertos
2566-02-08 00:25:22,263 [INFO] IPUIPlugin:79 - create IPUIPlugin
2566-02-08 00:25:22,263 [INFO] PluginManager:219 - loadIPPluginJar : add genericplugin
2566-02-08 00:25:22,323 [INFO] IPUIPlugin:79 - create IPUIPlugin
2566-02-08 00:25:22,323 [INFO] PluginManager:219 - loadIPPluginJar : add gfxmmu
2566-02-08 00:25:22,414 [INFO] IPUIPlugin:79 - create IPUIPlugin
2566-02-08 00:25:22,414 [INFO] PluginManager:219 - loadIPPluginJar : add gic
2566-02-08 00:25:22,426 [INFO] IPUIPlugin:79 - create IPUIPlugin
2566-02-08 00:25:22,426 [INFO] PluginManager:219 - loadIPPluginJar : add gpio
2566-02-08 00:25:22,483 [INFO] IPUIPlugin:79 - create IPUIPlugin
2566-02-08 00:25:22,484 [INFO] PluginManager:219 - loadIPPluginJar : add gtzc
2566-02-08 00:25:22,506 [INFO] IPUIPlugin:79 - create IPUIPlugin
2566-02-08 00:25:22,506 [INFO] PluginManager:219 - loadIPPluginJar : add hash
2566-02-08 00:25:22,542 [INFO] IPUIPlugin:79 - create IPUIPlugin
2566-02-08 00:25:22,543 [INFO] PluginManager:219 - loadIPPluginJar : add i2c
2566-02-08 00:25:22,570 [INFO] IPUIPlugin:79 - create IPUIPlugin
2566-02-08 00:25:22,570 [INFO] PluginManager:219 - loadIPPluginJar : add i2s
2566-02-08 00:25:22,660 [INFO] IPUIPlugin:79 - create IPUIPlugin
2566-02-08 00:25:22,661 [INFO] PluginManager:219 - loadIPPluginJar : add ipddr
2566-02-08 00:25:22,732 [INFO] IPUIPlugin:79 - create IPUIPlugin
2566-02-08 00:25:22,732 [INFO] PluginManager:219 - loadIPPluginJar : add linkedlist
2566-02-08 00:25:22,755 [INFO] IPUIPlugin:79 - create IPUIPlugin
2566-02-08 00:25:22,755 [INFO] PluginManager:219 - loadIPPluginJar : add lorawan
2566-02-08 00:25:22,789 [INFO] IPUIPlugin:79 - create IPUIPlugin
2566-02-08 00:25:22,790 [INFO] PluginManager:219 - loadIPPluginJar : add ltdc
2566-02-08 00:25:22,803 [INFO] IPUIPlugin:79 - create IPUIPlugin
2566-02-08 00:25:22,804 [INFO] PluginManager:219 - loadIPPluginJar : add mdma
2566-02-08 00:25:22,814 [INFO] IPUIPlugin:79 - create IPUIPlugin
2566-02-08 00:25:22,815 [INFO] PluginManager:219 - loadIPPluginJar : add nvic
2566-02-08 00:25:22,851 [INFO] IPUIPlugin:79 - create IPUIPlugin
2566-02-08 00:25:22,853 [INFO] PluginManager:219 - loadIPPluginJar : add opamp
2566-02-08 00:25:22,912 [INFO] IPUIPlugin:79 - create IPUIPlugin
2566-02-08 00:25:22,913 [INFO] PluginManager:219 - loadIPPluginJar : add openamp
2566-02-08 00:25:22,949 [INFO] IPUIPlugin:79 - create IPUIPlugin
2566-02-08 00:25:22,949 [INFO] PluginManager:219 - loadIPPluginJar : add pdm2pcm
2566-02-08 00:25:22,964 [INFO] IPUIPlugin:79 - create IPUIPlugin
2566-02-08 00:25:22,966 [INFO] PluginManager:219 - loadIPPluginJar : add plateformsettings
2566-02-08 00:25:22,986 [INFO] IPUIPlugin:79 - create IPUIPlugin
2566-02-08 00:25:22,986 [INFO] PluginManager:219 - loadIPPluginJar : add quadspi
2566-02-08 00:25:23,000 [INFO] IPUIPlugin:79 - create IPUIPlugin
2566-02-08 00:25:23,001 [INFO] PluginManager:219 - loadIPPluginJar : add resmgrutility
2566-02-08 00:25:23,047 [INFO] IPUIPlugin:79 - create IPUIPlugin
2566-02-08 00:25:23,048 [INFO] PluginManager:219 - loadIPPluginJar : add sai
2566-02-08 00:25:23,076 [INFO] IPUIPlugin:79 - create IPUIPlugin
2566-02-08 00:25:23,076 [INFO] PluginManager:219 - loadIPPluginJar : add spi
2566-02-08 00:25:23,119 [INFO] IPUIPlugin:79 - create IPUIPlugin
2566-02-08 00:25:23,120 [INFO] PluginManager:219 - loadIPPluginJar : add stm32_wpan
2566-02-08 00:25:23,139 [INFO] IPUIPlugin:79 - create IPUIPlugin
2566-02-08 00:25:23,139 [INFO] PluginManager:219 - loadIPPluginJar : add tim
2566-02-08 00:25:23,192 [INFO] IPUIPlugin:79 - create IPUIPlugin
2566-02-08 00:25:23,192 [INFO] PluginManager:219 - loadIPPluginJar : add touchsensing
2566-02-08 00:25:23,208 [INFO] IPUIPlugin:79 - create IPUIPlugin
2566-02-08 00:25:23,208 [INFO] PluginManager:219 - loadIPPluginJar : add tracer_emb
2566-02-08 00:25:23,224 [INFO] IPUIPlugin:79 - create IPUIPlugin
2566-02-08 00:25:23,224 [INFO] PluginManager:219 - loadIPPluginJar : add ts
2566-02-08 00:25:23,238 [INFO] IPUIPlugin:79 - create IPUIPlugin
2566-02-08 00:25:23,239 [INFO] PluginManager:219 - loadIPPluginJar : add tsc
2566-02-08 00:25:23,252 [INFO] IPUIPlugin:79 - create IPUIPlugin
2566-02-08 00:25:23,253 [INFO] PluginManager:219 - loadIPPluginJar : add ucpd
2566-02-08 00:25:23,282 [INFO] IPUIPlugin:79 - create IPUIPlugin
2566-02-08 00:25:23,283 [INFO] PluginManager:219 - loadIPPluginJar : add usart
2566-02-08 00:25:23,319 [INFO] IPUIPlugin:79 - create IPUIPlugin
2566-02-08 00:25:23,319 [INFO] PluginManager:219 - loadIPPluginJar : add usbx
2566-02-08 00:25:23,449 [INFO] CADModel:164 - CPN selected for project level
2566-02-08 00:25:23,449 [INFO] CADModel:113 - Register for checkConnection events
2566-02-08 00:25:23,449 [FATAL] Updater:308 - Updater called before beeing initialized
2566-02-08 00:25:23,449 [ERROR] CADModel:124 - Updater not yet initialized, retry later 
2566-02-08 00:25:23,593 [INFO] CADModel:164 - CPN selected for project level
2566-02-08 00:25:23,594 [INFO] CADModel:113 - Register for checkConnection events
2566-02-08 00:25:23,594 [FATAL] Updater:308 - Updater called before beeing initialized
2566-02-08 00:25:23,594 [ERROR] CADModel:124 - Updater not yet initialized, retry later 
2566-02-08 00:25:23,597 [FATAL] Updater:308 - Updater called before beeing initialized
2566-02-08 00:25:23,717 [FATAL] Updater:308 - Updater called before beeing initialized
2566-02-08 00:25:23,730 [INFO] DbMcusAds:52 - JSON generation date=Wed Jan 18 21:17:18 ICT 2023 (1674051438939)
2566-02-08 00:25:23,730 [FATAL] Updater:308 - Updater called before beeing initialized
2566-02-08 00:25:23,768 [WARN] DetailPanel:344 - Failed to get advertising image, set to default
2566-02-08 00:25:23,875 [FATAL] Updater:308 - Updater called before beeing initialized
2566-02-08 00:25:23,877 [FATAL] Updater:308 - Updater called before beeing initialized
2566-02-08 00:25:23,877 [FATAL] Updater:308 - Updater called before beeing initialized
2566-02-08 00:25:23,877 [WARN] DetailPanel:344 - Failed to get advertising image, set to default
2566-02-08 00:25:23,879 [FATAL] Updater:308 - Updater called before beeing initialized
2566-02-08 00:25:23,940 [ERROR] Updater:1120 - MainUpdater not yet initialized. External WinMGr cannot be set.
2566-02-08 00:25:23,947 [INFO] Updater:1056 - Updater Version found : 6.7.0
2566-02-08 00:25:23,964 [INFO] ApplicationProperties:181 - Using Application install path: C:\ST\STM32CubeIDE_1.11.0\STM32CubeIDE\plugins\com.st.stm32cube.common.mx_6.7.0.202211181646
2566-02-08 00:25:24,077 [INFO] MainUpdater:2800 - connection check result : 10
2566-02-08 00:25:24,077 [INFO] MainUpdater:282 - Updater Check For Update Now.
2566-02-08 00:25:24,078 [INFO] MicroXplorer:481 - Change Database Version : DB.6.0.70
2566-02-08 00:25:24,283 [INFO] CheckServerUpdateThread:119 - End of CheckServer Thread
2566-02-08 00:25:24,325 [INFO] MainUpdater:2800 - connection check result : 10
2566-02-08 00:25:24,723 [WARN] PackLoader:242 - Cannot read IP mode file for STMicroelectronics.X-CUBE-GNSS1.6.0.0
2566-02-08 00:25:24,767 [WARN] PackLoader:242 - Cannot read IP mode file for STMicroelectronics.X-CUBE-AZRTOS-F4.1.1.0
2566-02-08 00:25:24,817 [WARN] PackLoader:242 - Cannot read IP mode file for STMicroelectronics.X-CUBE-AZRTOS-F7.1.1.0
2566-02-08 00:25:24,853 [WARN] PackLoader:242 - Cannot read IP mode file for STMicroelectronics.X-CUBE-BLE1.6.2.4
2566-02-08 00:25:24,881 [WARN] PackLoader:242 - Cannot read IP mode file for emotas.I-CUBE-CANOPEN.1.1.3
2566-02-08 00:25:24,906 [WARN] PackLoader:242 - Cannot read IP mode file for STMicroelectronics.X-CUBE-DISPLAY.3.0.0
2566-02-08 00:25:24,936 [WARN] PackLoader:242 - Cannot read IP mode file for wolfSSL.I-CUBE-wolfSSL.5.5.4
2566-02-08 00:25:24,969 [WARN] PackLoader:242 - Cannot read IP mode file for STMicroelectronics.X-CUBE-NFC7.1.0.0
2566-02-08 00:25:24,990 [WARN] PackLoader:242 - Cannot read IP mode file for STMicroelectronics.X-CUBE-EEPRMA1.4.1.0
2566-02-08 00:25:25,014 [WARN] PackLoader:242 - Cannot read IP mode file for STMicroelectronics.X-CUBE-SFXS2LP1.4.0.0
2566-02-08 00:25:25,039 [WARN] PackLoader:242 - Cannot read IP mode file for STMicroelectronics.X-CUBE-BLE2.3.3.0
2566-02-08 00:25:25,056 [WARN] PackLoader:242 - Cannot read IP mode file for STMicroelectronics.X-CUBE-DISPLAY.2.2.0
2566-02-08 00:25:25,085 [WARN] PackLoader:242 - Cannot read IP mode file for STMicroelectronics.X-CUBE-TOF1.3.2.0
2566-02-08 00:25:25,150 [WARN] PackLoader:242 - Cannot read IP mode file for STMicroelectronics.X-CUBE-AZRTOS-H7.3.0.0
2566-02-08 00:25:25,159 [INFO] ApiDb:580 - Connected to CubeFinder SQLite database (C:\Users\acer\.stmcufinder\plugins\mcufinder\mcu\cube-finder-db.db)
2566-02-08 00:25:25,175 [WARN] PackLoader:242 - Cannot read IP mode file for STMicroelectronics.X-CUBE-ISPU.1.1.0
2566-02-08 00:25:25,199 [WARN] PackLoader:242 - Cannot read IP mode file for RoweBots.I-CUBE-UNISONRTOS.5.5.0-4
2566-02-08 00:25:25,225 [WARN] PackLoader:242 - Cannot read IP mode file for STMicroelectronics.X-CUBE-TOUCHGFX.4.21.1
2566-02-08 00:25:25,285 [INFO] ApiDb:667 - CubeFinder database Data Model version=2.1
2566-02-08 00:25:25,285 [INFO] ApiDb:668 - CubeFinder database Configuration version=3.0.35
2566-02-08 00:25:25,286 [INFO] ApiDb:669 - CubeFinder database generation date=2023-02-02 (1675320190)
2566-02-08 00:25:25,286 [INFO] ApiDb:670 - CubeFinder database FW Pack versions=[FP-ATR-ASTRA1_V1.1.1, STM32Cube_FW_C0_V1.0.1, STM32Cube_FW_F4_V1.27.1, STM32Cube_FW_F7_V1.17.0, STM32Cube_FW_G0_V1.6.1, STM32Cube_FW_G4_V1.5.0, STM32Cube_FW_H5_V0.5.1, STM32Cube_FW_H7_V1.11.0, STM32Cube_FW_L5_V1.5.0, STM32Cube_FW_U5_V1.1.1, STM32Cube_FW_WBA_V0.2.0, STM32Cube_FW_WB_V1.15.0, STM32Cube_FW_WB_V1.15.0RC1, STM32Cube_FW_WL_V1.3.0, X-CUBE-ALGOBUILD_V1.3.0, X-CUBE-ALS_V1.0.1, X-CUBE-AZRTOS-F4_V1.1.0, X-CUBE-AZRTOS-F7_V1.1.0, X-CUBE-AZRTOS-G0_V1.1.0, X-CUBE-AZRTOS-G4_V1.0.0, X-CUBE-AZRTOS-H7_V3.0.0, X-CUBE-AZRTOS-L4_V1.0.0, X-CUBE-AZRTOS-L5_V1.1.0, X-CUBE-AZRTOS-WB_V1.1.0, X-CUBE-AZRTOS-WL_V1.0.0, X-CUBE-BLE1_V6.2.4, X-CUBE-BLE2_V3.3.0, X-CUBE-BLEMGR_V1.3.0, X-CUBE-EEPRMA1_V4.1.0, X-CUBE-GNSS1_V6.0.0, X-CUBE-MEMS1_V9.1.0, X-CUBE-MEMS1_V9.3.0, X-CUBE-MEMS1_V9.4.0, X-CUBE-NFC4_V3.0.0, X-CUBE-NFC7_V1.0.0, X-CUBE-SFXS2LP1_V4.0.0, X-CUBE-SUBG2_V5.0.0]
2566-02-08 00:25:25,308 [WARN] PackLoader:242 - Cannot read IP mode file for STMicroelectronics.X-CUBE-MEMS1.9.4.0
2566-02-08 00:25:25,547 [WARN] PackLoader:242 - Cannot read IP mode file for STMicroelectronics.X-CUBE-AI.7.3.0
2566-02-08 00:25:25,576 [WARN] PackLoader:242 - Cannot read IP mode file for STMicroelectronics.X-CUBE-ALGOBUILD.1.3.0
2566-02-08 00:25:25,632 [WARN] PackLoader:242 - Cannot read IP mode file for STMicroelectronics.X-CUBE-AZRTOS-L5.1.1.0
2566-02-08 00:25:25,697 [WARN] PackLoader:242 - Cannot read IP mode file for STMicroelectronics.X-CUBE-AZRTOS-G0.1.1.0
2566-02-08 00:25:25,746 [WARN] PackLoader:242 - Cannot read IP mode file for STMicroelectronics.X-CUBE-SUBG2.5.0.0
2566-02-08 00:25:25,773 [WARN] PackLoader:242 - Cannot read IP mode file for STMicroelectronics.X-CUBE-NFC4.3.0.0
2566-02-08 00:25:25,802 [WARN] PackLoader:242 - Cannot read IP mode file for STMicroelectronics.FP-ATR-ASTRA1.1.1.1
2566-02-08 00:25:25,836 [WARN] PackLoader:242 - Cannot read IP mode file for STMicroelectronics.X-CUBE-BLEMGR.1.3.0
2566-02-08 00:25:25,877 [WARN] PackLoader:242 - Cannot read IP mode file for STMicroelectronics.X-CUBE-AZRTOS-G4.1.0.0
2566-02-08 00:25:25,898 [WARN] PackLoader:242 - Cannot read IP mode file for STMicroelectronics.FP-ATR-SIGFOX1.3.2.0
2566-02-08 00:25:25,946 [WARN] PackLoader:242 - Cannot read IP mode file for STMicroelectronics.X-CUBE-AZRTOS-L4.1.0.0
2566-02-08 00:25:25,985 [WARN] PackLoader:242 - Cannot read IP mode file for STMicroelectronics.X-CUBE-AZRTOS-WL.1.0.0
2566-02-08 00:25:26,006 [WARN] PackLoader:242 - Cannot read IP mode file for portGmbH.I-Cube-SoM-uGOAL.1.1.0
2566-02-08 00:25:26,027 [WARN] PackLoader:242 - Cannot read IP mode file for STMicroelectronics.X-CUBE-ALS.1.0.1
2566-02-08 00:25:26,061 [WARN] PackLoader:242 - Cannot read IP mode file for STMicroelectronics.X-CUBE-AZRTOS-WB.1.1.0
2566-02-08 00:25:26,135 [WARN] PackLoader:242 - Cannot read IP mode file for SEGGER.I-CUBE-embOS.1.3.0
2566-02-08 00:25:26,196 [INFO] ThirdParty:947 - Integrity check success = true
2566-02-08 00:25:26,197 [INFO] IntegrityCheckThread:98 - exiting critical section [integrity check]
2566-02-08 00:25:26,197 [INFO] IntegrityCheckThread:101 - End integrity checks thread
2566-02-08 00:25:28,025 [INFO] ApiDb:239 - Found 143 in-development CPN: [B-WB1M-WPAN1, B-WL5M-SUBG1, NUCLEO-C031C6, STEVAL-PROTEUS1, STEVAL-STWINBX1, STM320518-EVAL, STM32C0116-DK, STM32C011D6Y3TR, STM32C011D6Y6TR, STM32C011F4P3, STM32C011F4P6, STM32C011F4U3, STM32C011F4U6TR, STM32C011F6P3, STM32C011F6P6, STM32C011F6U3, STM32C011F6U6TR, STM32C011J4M3, STM32C011J4M6, STM32C011J6M3, STM32C011J6M6, STM32C0316-DK, STM32C031C4T3, STM32C031C4T6, STM32C031C4U3, STM32C031C4U6, STM32C031C6T3, STM32C031C6T6, STM32C031C6U3, STM32C031C6U6, STM32C031F4P3, STM32C031F4P6, STM32C031F6P3, STM32C031F6P6, STM32C031G4U3, STM32C031G4U6, STM32C031G6U3, STM32C031G6U6, STM32C031K4T3, STM32C031K4T6, STM32C031K4U3, STM32C031K4U6, STM32C031K6T3, STM32C031K6T6, STM32C031K6U3, STM32C031K6U6, STM32G071K8TXN, STM32G071K8UXN, STM32G081GBU6N, STM32G081KBT6N, STM32G081KBUXN, STM32G0B1CCT6N, STM32G0B1KCT6, STM32G0B1NEY6TR, STM32G0B1RCT6N, STM32G0C1CCT6, STM32G0C1CCT6N, STM32G0C1CCU6N, STM32G0C1CET6N, STM32G0C1CEU6N, STM32G0C1KCT6, STM32G0C1NEY6TR, STM32G0C1RCI6N, STM32G0C1RCT6N, STM32G0C1REI6N, STM32G0C1RET6N, STM32G0C1VCI6, STM32G0C1VEI6, STM32G471CCT6, STM32G471CCU6, STM32G471CET3, STM32G471CET6, STM32G471CEU3, STM32G471CEU6, STM32G471MCT6, STM32G471MET3, STM32G471MET6, STM32G471MEY6TR, STM32G471QCT6, STM32G471QET3, STM32G471RCT6, STM32G471RET3, STM32G471RET6, STM32G471VCH6, STM32G471VCI6, STM32G471VCT6, STM32G471VEH3, STM32G471VEH6, STM32G471VEI3, STM32G471VEI6, STM32G471VET3, STM32G471VET6, STM32G474CCT6, STM32L476VGY6PTR, STM32L4R5QGI6STR, STM32MP131AAE3, STM32MP131AAF3, STM32MP131AAG3, STM32MP131CAE3, STM32MP131CAF3, STM32MP131CAG3, STM32MP131DAE7, STM32MP131DAF7, STM32MP131DAG7, STM32MP131FAE7, STM32MP131FAF7, STM32MP131FAG7, STM32MP133AAE3, STM32MP133AAF3, STM32MP133AAG3, STM32MP133CAE3, STM32MP133CAF3, STM32MP133CAG3, STM32MP133DAE7, STM32MP133DAF7, STM32MP133DAG7, STM32MP133FAE7, STM32MP133FAF7, STM32MP133FAG7, STM32MP135AAE3, STM32MP135AAF3, STM32MP135AAG3, STM32MP135CAE3, STM32MP135CAF3, STM32MP135CAG3, STM32MP135DAE7, STM32MP135DAF7, STM32MP135DAG7, STM32MP135F-DK, STM32MP135FAE7, STM32MP135FAF7, STM32MP135FAF7T, STM32MP135FAF7U, STM32MP135FAG7, STM32U595ZJT6Q, STM32U599BJY6QTR, STM32U599NIH6Q, STM32U599NJH6Q, STM32U5A5ZJT6Q, STM32U5A9BJY6QTR, STM32U5A9NJH6Q, STM32WB1MMCH6, STM32WL5MOCH6TR]
2566-02-08 00:25:28,029 [INFO] DbMcus:215 - Found 3582 MCUs, 3582 are supported
2566-02-08 00:25:28,032 [INFO] ApiDb:422 - Load user favorites file C:\Users\acer/.stm32cubeide/favorites.mcus.txt: 0 item(s)
2566-02-08 00:25:28,033 [INFO] ApiDb:426 - User favorites MCUs=[]
2566-02-08 00:25:28,033 [INFO] DbMcus:221 - Set 0 / 0 favorites MCUs
2566-02-08 00:25:28,277 [INFO] McuFinderGlobals:65 - Set McuFinderConnectedMode to true
2566-02-08 00:25:28,283 [INFO] MultiScanPanel:196 - Auto-refresh data requested => check proxy status ongoing
2566-02-08 00:25:28,286 [INFO] FinderPluginLoader:92 - Searching for filters in installed packs
2566-02-08 00:25:29,773 [INFO] LoadUrlFilesThread:179 - End of LoadServerUrlFiles without Thread
2566-02-08 00:25:29,793 [INFO] DetailPanel:339 - Set advertising image to C:/Users/acer/STM32Cube/Repository/\en.prom-stm32c0-0123.jpg
2566-02-08 00:25:30,562 [INFO] ApiDb:667 - CubeFinder database Data Model version=2.1
2566-02-08 00:25:30,562 [INFO] ApiDb:668 - CubeFinder database Configuration version=3.0.35
2566-02-08 00:25:30,562 [INFO] ApiDb:669 - CubeFinder database generation date=2023-02-02 (1675320190)
2566-02-08 00:25:30,562 [INFO] ApiDb:670 - CubeFinder database FW Pack versions=[FP-ATR-ASTRA1_V1.1.1, STM32Cube_FW_C0_V1.0.1, STM32Cube_FW_F4_V1.27.1, STM32Cube_FW_F7_V1.17.0, STM32Cube_FW_G0_V1.6.1, STM32Cube_FW_G4_V1.5.0, STM32Cube_FW_H5_V0.5.1, STM32Cube_FW_H7_V1.11.0, STM32Cube_FW_L5_V1.5.0, STM32Cube_FW_U5_V1.1.1, STM32Cube_FW_WBA_V0.2.0, STM32Cube_FW_WB_V1.15.0, STM32Cube_FW_WB_V1.15.0RC1, STM32Cube_FW_WL_V1.3.0, X-CUBE-ALGOBUILD_V1.3.0, X-CUBE-ALS_V1.0.1, X-CUBE-AZRTOS-F4_V1.1.0, X-CUBE-AZRTOS-F7_V1.1.0, X-CUBE-AZRTOS-G0_V1.1.0, X-CUBE-AZRTOS-G4_V1.0.0, X-CUBE-AZRTOS-H7_V3.0.0, X-CUBE-AZRTOS-L4_V1.0.0, X-CUBE-AZRTOS-L5_V1.1.0, X-CUBE-AZRTOS-WB_V1.1.0, X-CUBE-AZRTOS-WL_V1.0.0, X-CUBE-BLE1_V6.2.4, X-CUBE-BLE2_V3.3.0, X-CUBE-BLEMGR_V1.3.0, X-CUBE-EEPRMA1_V4.1.0, X-CUBE-GNSS1_V6.0.0, X-CUBE-MEMS1_V9.1.0, X-CUBE-MEMS1_V9.3.0, X-CUBE-MEMS1_V9.4.0, X-CUBE-NFC4_V3.0.0, X-CUBE-NFC7_V1.0.0, X-CUBE-SFXS2LP1_V4.0.0, X-CUBE-SUBG2_V5.0.0]
2566-02-08 00:25:30,655 [INFO] DbBoardsSqlite:225 - include board P-NUCLEO-WB55-NUCLEO as a kit item of type 'Nucleo-64'
2566-02-08 00:25:30,655 [INFO] DbBoardsSqlite:225 - include board P-NUCLEO-WB55-USBDONGLE as a kit item of type 'Nucleo USB Dongle'
2566-02-08 00:25:30,657 [INFO] DbBoardsSqlite:225 - include board STEVAL-IDP005V1 as a kit item of type 'Evaluation Board'
2566-02-08 00:25:30,657 [INFO] DbBoardsSqlite:225 - include board STEVAL-IDP005V2 as a kit item of type 'Evaluation Board'
2566-02-08 00:25:30,716 [INFO] ApiDb:239 - Found 143 in-development CPN: [B-WB1M-WPAN1, B-WL5M-SUBG1, NUCLEO-C031C6, STEVAL-PROTEUS1, STEVAL-STWINBX1, STM320518-EVAL, STM32C0116-DK, STM32C011D6Y3TR, STM32C011D6Y6TR, STM32C011F4P3, STM32C011F4P6, STM32C011F4U3, STM32C011F4U6TR, STM32C011F6P3, STM32C011F6P6, STM32C011F6U3, STM32C011F6U6TR, STM32C011J4M3, STM32C011J4M6, STM32C011J6M3, STM32C011J6M6, STM32C0316-DK, STM32C031C4T3, STM32C031C4T6, STM32C031C4U3, STM32C031C4U6, STM32C031C6T3, STM32C031C6T6, STM32C031C6U3, STM32C031C6U6, STM32C031F4P3, STM32C031F4P6, STM32C031F6P3, STM32C031F6P6, STM32C031G4U3, STM32C031G4U6, STM32C031G6U3, STM32C031G6U6, STM32C031K4T3, STM32C031K4T6, STM32C031K4U3, STM32C031K4U6, STM32C031K6T3, STM32C031K6T6, STM32C031K6U3, STM32C031K6U6, STM32G071K8TXN, STM32G071K8UXN, STM32G081GBU6N, STM32G081KBT6N, STM32G081KBUXN, STM32G0B1CCT6N, STM32G0B1KCT6, STM32G0B1NEY6TR, STM32G0B1RCT6N, STM32G0C1CCT6, STM32G0C1CCT6N, STM32G0C1CCU6N, STM32G0C1CET6N, STM32G0C1CEU6N, STM32G0C1KCT6, STM32G0C1NEY6TR, STM32G0C1RCI6N, STM32G0C1RCT6N, STM32G0C1REI6N, STM32G0C1RET6N, STM32G0C1VCI6, STM32G0C1VEI6, STM32G471CCT6, STM32G471CCU6, STM32G471CET3, STM32G471CET6, STM32G471CEU3, STM32G471CEU6, STM32G471MCT6, STM32G471MET3, STM32G471MET6, STM32G471MEY6TR, STM32G471QCT6, STM32G471QET3, STM32G471RCT6, STM32G471RET3, STM32G471RET6, STM32G471VCH6, STM32G471VCI6, STM32G471VCT6, STM32G471VEH3, STM32G471VEH6, STM32G471VEI3, STM32G471VEI6, STM32G471VET3, STM32G471VET6, STM32G474CCT6, STM32L476VGY6PTR, STM32L4R5QGI6STR, STM32MP131AAE3, STM32MP131AAF3, STM32MP131AAG3, STM32MP131CAE3, STM32MP131CAF3, STM32MP131CAG3, STM32MP131DAE7, STM32MP131DAF7, STM32MP131DAG7, STM32MP131FAE7, STM32MP131FAF7, STM32MP131FAG7, STM32MP133AAE3, STM32MP133AAF3, STM32MP133AAG3, STM32MP133CAE3, STM32MP133CAF3, STM32MP133CAG3, STM32MP133DAE7, STM32MP133DAF7, STM32MP133DAG7, STM32MP133FAE7, STM32MP133FAF7, STM32MP133FAG7, STM32MP135AAE3, STM32MP135AAF3, STM32MP135AAG3, STM32MP135CAE3, STM32MP135CAF3, STM32MP135CAG3, STM32MP135DAE7, STM32MP135DAF7, STM32MP135DAG7, STM32MP135F-DK, STM32MP135FAE7, STM32MP135FAF7, STM32MP135FAF7T, STM32MP135FAF7U, STM32MP135FAG7, STM32U595ZJT6Q, STM32U599BJY6QTR, STM32U599NIH6Q, STM32U599NJH6Q, STM32U5A5ZJT6Q, STM32U5A9BJY6QTR, STM32U5A9NJH6Q, STM32WB1MMCH6, STM32WL5MOCH6TR]
2566-02-08 00:25:30,914 [INFO] BoardInfo:879 - No configuration file found for board P-NUCLEO-WB55
2566-02-08 00:25:30,914 [INFO] DbBoards:156 - Kit is not supported: P-NUCLEO-WB55
2566-02-08 00:25:30,924 [INFO] BoardInfo:879 - No configuration file found for board STEVAL-BFA001V1B
2566-02-08 00:25:30,925 [INFO] DbBoards:156 - Kit is not supported: STEVAL-BFA001V1B
2566-02-08 00:25:30,926 [INFO] BoardInfo:879 - No configuration file found for board STEVAL-BFA001V2B
2566-02-08 00:25:30,927 [INFO] DbBoards:156 - Kit is not supported: STEVAL-BFA001V2B
2566-02-08 00:25:31,126 [INFO] DbBoards:160 - Found 179 boards, 176 are supported
2566-02-08 00:25:31,135 [INFO] ApiDb:422 - Load user favorites file C:\Users\acer/.stm32cubeide/favorites.boards.txt: 0 item(s)
2566-02-08 00:25:31,135 [INFO] ApiDb:426 - User favorites Boards=[]
2566-02-08 00:25:31,135 [INFO] DbBoards:189 - Set 0 / 0 favorites Boards
2566-02-08 00:25:34,510 [INFO] McuFinderGlobals:65 - Set McuFinderConnectedMode to true
2566-02-08 00:25:34,898 [INFO] ApiDb:447 - Save user favorites file C:\Users\acer/.stm32cubeide/favorites.mcus.txt: 0 item(s)
2566-02-08 00:25:34,900 [INFO] ApiDb:451 - User favorites MCUs=[]
2566-02-08 00:26:15,011 [INFO] MainUpdater:2800 - connection check result : 10
2566-02-08 00:26:15,211 [INFO] McuFinderGlobals:65 - Set McuFinderConnectedMode to true
2566-02-08 00:26:15,214 [INFO] MultiScanPanel:196 - Auto-refresh data requested => check proxy status ongoing
2566-02-08 00:26:15,215 [INFO] FinderPluginLoader:92 - Searching for filters in installed packs
2566-02-08 00:26:16,507 [INFO] LoadUrlFilesThread:179 - End of LoadServerUrlFiles without Thread
2566-02-08 00:26:16,507 [INFO] DetailPanel:339 - Set advertising image to C:/Users/acer/STM32Cube/Repository/\en.prom-stm32c0-0123.jpg
2566-02-08 00:26:19,087 [INFO] McuFinderGlobals:65 - Set McuFinderConnectedMode to true
2566-02-08 00:26:19,336 [INFO] ApiDb:447 - Save user favorites file C:\Users\acer/.stm32cubeide/favorites.mcus.txt: 0 item(s)
2566-02-08 00:26:19,337 [INFO] ApiDb:451 - User favorites MCUs=[]
2566-02-08 00:29:13,788 [INFO] JxBrowserEngine:114 - Initiate JxBrowser Engine with user profile folder
2566-02-08 00:29:16,668 [INFO] WebAppUi:459 - Close the Jxbrowser engine manually
2566-02-08 00:29:16,714 [INFO] WebAppUi:462 - Profiles folder deleted
2566-02-08 00:29:17,036 [ERROR] LogOutputStream:74 - [STDERR_REDIRECT] 
